Using pre-set license
Built from '2021.3/staging' branch; Version is '2021.3.19f1 (c9714fde33b6) revision 13201743'; Using compiler version '192829333'; Build Type 'Release'
OS: 'Windows 10  (10.0.19044) 64bit Core' Language: 'pt' Physical Memory: 16229 MB
BatchMode: 1, IsHumanControllingUs: 0, StartBugReporterOnCrash: 0, Is64bit: 1, IsPro: 1

COMMAND LINE ARGUMENTS:
D:\Unity Editor\2021.3.19f1\Editor\Unity.exe
-adb2
-batchMode
-noUpm
-name
AssetImportWorker2
-projectPath
D:/Projetos no GitHub/Tower Defense Prototype/Realm Rush
-logFile
Logs/AssetImportWorker2.log
-srvPort
62185
Successfully changed project path to: D:/Projetos no GitHub/Tower Defense Prototype/Realm Rush
D:/Projetos no GitHub/Tower Defense Prototype/Realm Rush
[UnityMemory] Configuration Parameters - Can be set up in boot.config
    "memorysetup-bucket-allocator-granularity=16"
    "memorysetup-bucket-allocator-bucket-count=8"
    "memorysetup-bucket-allocator-block-size=33554432"
    "memorysetup-bucket-allocator-block-count=8"
    "memorysetup-main-allocator-block-size=16777216"
    "memorysetup-thread-allocator-block-size=16777216"
    "memorysetup-gfx-main-allocator-block-size=16777216"
    "memorysetup-gfx-thread-allocator-block-size=16777216"
    "memorysetup-cache-allocator-block-size=4194304"
    "memorysetup-typetree-allocator-block-size=2097152"
    "memorysetup-profiler-bucket-allocator-granularity=16"
    "memorysetup-profiler-bucket-allocator-bucket-count=8"
    "memorysetup-profiler-bucket-allocator-block-size=33554432"
    "memorysetup-profiler-bucket-allocator-block-count=8"
    "memorysetup-profiler-allocator-block-size=16777216"
    "memorysetup-profiler-editor-allocator-block-size=1048576"
    "memorysetup-temp-allocator-size-main=16777216"
    "memorysetup-job-temp-allocator-block-size=2097152"
    "memorysetup-job-temp-allocator-block-size-background=1048576"
    "memorysetup-job-temp-allocator-reduction-small-platforms=262144"
    "memorysetup-temp-allocator-size-background-worker=32768"
    "memorysetup-temp-allocator-size-job-worker=262144"
    "memorysetup-temp-allocator-size-preload-manager=33554432"
    "memorysetup-temp-allocator-size-nav-mesh-worker=65536"
    "memorysetup-temp-allocator-size-audio-worker=65536"
    "memorysetup-temp-allocator-size-cloud-worker=32768"
    "memorysetup-temp-allocator-size-gi-baking-worker=262144"
    "memorysetup-temp-allocator-size-gfx=262144"
Player connection [13028] Host "[IP] 192.168.0.9 [Port] 0 [Flags] 2 [Guid] 983932161 [EditorId] 983932161 [Version] 1048832 [Id] WindowsEditor(7,DESKTOP-OEMRCDE) [Debug] 1 [PackageName] WindowsEditor [ProjectName] Editor" joined multi-casting on [225.0.0.222:54997]...

Player connection [13028] Host "[IP] 192.168.0.9 [Port] 0 [Flags] 2 [Guid] 983932161 [EditorId] 983932161 [Version] 1048832 [Id] WindowsEditor(7,DESKTOP-OEMRCDE) [Debug] 1 [PackageName] WindowsEditor [ProjectName] Editor" joined alternative multi-casting on [225.0.0.222:34997]...

Refreshing native plugins compatible for Editor in 86.47 ms, found 3 plugins.
Preloading 0 native plugins for Editor in 0.00 ms.
Initialize engine version: 2021.3.19f1 (c9714fde33b6)
[Subsystems] Discovering subsystems at path D:/Unity Editor/2021.3.19f1/Editor/Data/Resources/UnitySubsystems
[Subsystems] Discovering subsystems at path D:/Projetos no GitHub/Tower Defense Prototype/Realm Rush/Assets
GfxDevice: creating device client; threaded=0; jobified=0
Direct3D:
    Version:  Direct3D 11.0 [level 11.1]
    Renderer: NVIDIA GeForce GTX 1060 6GB (ID=0x1c03)
    Vendor:   NVIDIA
    VRAM:     6052 MB
    Driver:   31.0.15.1694
Initialize mono
Mono path[0] = 'D:/Unity Editor/2021.3.19f1/Editor/Data/Managed'
Mono path[1] = 'D:/Unity Editor/2021.3.19f1/Editor/Data/MonoBleedingEdge/lib/mono/unityjit-win32'
Mono config path = 'D:/Unity Editor/2021.3.19f1/Editor/Data/MonoBleedingEdge/etc'
Using monoOptions --debugger-agent=transport=dt_socket,embedding=1,server=y,suspend=n,address=127.0.0.1:56604
Begin MonoManager ReloadAssembly
Registering precompiled unity dll's ...
Register platform support module: D:/Unity Editor/2021.3.19f1/Editor/Data/PlaybackEngines/WindowsStandaloneSupport/UnityEditor.WindowsStandalone.Extensions.dll
Registered in 0.002778 seconds.
Native extension for WindowsStandalone target not found
Refreshing native plugins compatible for Editor in 73.74 ms, found 3 plugins.
Preloading 0 native plugins for Editor in 0.00 ms.
Mono: successfully reloaded assembly
- Completed reload, in  0.548 seconds
Domain Reload Profiling:
	ReloadAssembly (548ms)
		BeginReloadAssembly (62ms)
			ExecutionOrderSort (0ms)
			DisableScriptedObjects (0ms)
			BackupInstance (0ms)
			ReleaseScriptingObjects (0ms)
			CreateAndSetChildDomain (1ms)
		EndReloadAssembly (396ms)
			LoadAssemblies (61ms)
			RebuildTransferFunctionScriptingTraits (0ms)
			SetupTypeCache (95ms)
			ReleaseScriptCaches (0ms)
			RebuildScriptCaches (27ms)
			SetupLoadedEditorAssemblies (232ms)
				LogAssemblyErrors (0ms)
				InitializePlatformSupportModulesInManaged (6ms)
				SetLoadedEditorAssemblies (0ms)
				RefreshPlugins (74ms)
				BeforeProcessingInitializeOnLoad (1ms)
				ProcessInitializeOnLoadAttributes (110ms)
				ProcessInitializeOnLoadMethodAttributes (41ms)
				AfterProcessingInitializeOnLoad (0ms)
				EditorAssembliesLoaded (0ms)
			ExecutionOrderSort2 (0ms)
			AwakeInstancesAfterBackupRestoration (0ms)
Platform modules already initialized, skipping
Registering precompiled user dll's ...
Registered in 0.003262 seconds.
Begin MonoManager ReloadAssembly
Symbol file LoadedFromMemory doesn't match image D:\Projetos no GitHub\Tower Defense Prototype\Realm Rush\Library\PackageCache\com.unity.visualscripting@1.8.0\Editor\VisualScripting.Core\Dependencies\YamlDotNet\Unity.VisualScripting.YamlDotNet.dll
Symbol file LoadedFromMemory doesn't match image D:\Projetos no GitHub\Tower Defense Prototype\Realm Rush\Library\PackageCache\com.unity.visualscripting@1.8.0\Editor\VisualScripting.Core\Dependencies\DotNetZip\Unity.VisualScripting.IonicZip.dll
Native extension for WindowsStandalone target not found
Refreshing native plugins compatible for Editor in 0.45 ms, found 3 plugins.
Preloading 0 native plugins for Editor in 0.00 ms.
Mono: successfully reloaded assembly
- Completed reload, in  0.966 seconds
Domain Reload Profiling:
	ReloadAssembly (967ms)
		BeginReloadAssembly (101ms)
			ExecutionOrderSort (0ms)
			DisableScriptedObjects (6ms)
			BackupInstance (0ms)
			ReleaseScriptingObjects (0ms)
			CreateAndSetChildDomain (17ms)
		EndReloadAssembly (766ms)
			LoadAssemblies (82ms)
			RebuildTransferFunctionScriptingTraits (0ms)
			SetupTypeCache (302ms)
			ReleaseScriptCaches (1ms)
			RebuildScriptCaches (50ms)
			SetupLoadedEditorAssemblies (295ms)
				LogAssemblyErrors (0ms)
				InitializePlatformSupportModulesInManaged (5ms)
				SetLoadedEditorAssemblies (0ms)
				RefreshPlugins (0ms)
				BeforeProcessingInitializeOnLoad (72ms)
				ProcessInitializeOnLoadAttributes (198ms)
				ProcessInitializeOnLoadMethodAttributes (17ms)
				AfterProcessingInitializeOnLoad (2ms)
				EditorAssembliesLoaded (0ms)
			ExecutionOrderSort2 (0ms)
			AwakeInstancesAfterBackupRestoration (5ms)
Platform modules already initialized, skipping
========================================================================
Worker process is ready to serve import requests
Launched and connected shader compiler UnityShaderCompiler.exe after 0.04 seconds
Refreshing native plugins compatible for Editor in 0.45 ms, found 3 plugins.
Preloading 0 native plugins for Editor in 0.00 ms.
Unloading 3063 Unused Serialized files (Serialized files now loaded: 0)
Unloading 24 unused Assets / (113.5 KB). Loaded Objects now: 3523.
Memory consumption went from 110.2 MB to 110.1 MB.
Total: 2.869900 ms (FindLiveObjects: 0.234000 ms CreateObjectMapping: 0.168200 ms MarkObjects: 2.370200 ms  DeleteObjects: 0.096800 ms)

AssetImportParameters requested are different than current active one (requested -> active):
  custom:video-decoder-ogg-theora: a1e56fd34408186e4bbccfd4996cb3dc -> 
  custom:container-muxer-webm: aa71ff27fc2769a1b78a27578f13a17b -> 
  custom:container-demuxer-webm: 4f35f7cbe854078d1ac9338744f61a02 -> 
  custom:video-encoder-webm-vp8: eb34c28f22e8b96e1ab97ce403110664 -> 
  custom:audio-encoder-webm-vorbis: bf7c407c2cedff20999df2af8eb42d56 -> 
  custom:framework-win-MediaFoundation: 216162199b28c13a410421893ffa2e32 -> 
  custom:container-demuxer-ogg: 62fdf1f143b41e24485cea50d1cbac27 -> 
  custom:video-decoder-webm-vp8: 9c59270c3fd7afecdb556c50c9e8de78 -> 
  custom:audio-decoder-ogg-vorbis: bf7c407c2cedff20999df2af8eb42d56 -> 
========================================================================
Received Import Request.
  Time since last request: 182448.963959 seconds.
  path: Assets/Prefabs/Tile_roadStraight.prefab
  artifactKey: Guid(ce1bace96c3f5d24fa7da93c3577cc95) Importer(815301076,1909f56bfc062723c751e8b465ee728b)
Start importing Assets/Prefabs/Tile_roadStraight.prefab using Guid(ce1bace96c3f5d24fa7da93c3577cc95) Importer(815301076,1909f56bfc062723c751e8b465ee728b)  -> (artifact id: '058b68633c1ad47f93a2274db50e6cfa') in 0.148405 seconds 
========================================================================
Received Import Request.
  Time since last request: 9.760003 seconds.
  path: Assets/Prefabs/Tile_roadStraight.prefab
  artifactKey: Guid(ce1bace96c3f5d24fa7da93c3577cc95) Importer(815301076,1909f56bfc062723c751e8b465ee728b)
Start importing Assets/Prefabs/Tile_roadStraight.prefab using Guid(ce1bace96c3f5d24fa7da93c3577cc95) Importer(815301076,1909f56bfc062723c751e8b465ee728b)  -> (artifact id: '2bbb161a01b0b440a879daf90a8ecaaa') in 0.029826 seconds 
========================================================================
Received Import Request.
  Time since last request: 5988.469614 seconds.
  path: Assets/Prefabs/Tile_RoadCorner.prefab
  artifactKey: Guid(90015a877ee7b514c98c0b42814e9187) Importer(815301076,1909f56bfc062723c751e8b465ee728b)
Start importing Assets/Prefabs/Tile_RoadCorner.prefab using Guid(90015a877ee7b514c98c0b42814e9187) Importer(815301076,1909f56bfc062723c751e8b465ee728b)  -> (artifact id: '557db431d5e6e122ca3ca8816d7767e8') in 0.036749 seconds 
========================================================================
Received Import Request.
  Time since last request: 11.714916 seconds.
  path: Assets/Prefabs/Tile_RoadCorner.prefab
  artifactKey: Guid(90015a877ee7b514c98c0b42814e9187) Importer(815301076,1909f56bfc062723c751e8b465ee728b)
Start importing Assets/Prefabs/Tile_RoadCorner.prefab using Guid(90015a877ee7b514c98c0b42814e9187) Importer(815301076,1909f56bfc062723c751e8b465ee728b)  -> (artifact id: '5cc1a9650c654a692b96f237f7c37751') in 0.027714 seconds 
========================================================================
Received Import Request.
  Time since last request: 8.471438 seconds.
  path: Assets/Prefabs/(0, 0).prefab
  artifactKey: Guid(90015a877ee7b514c98c0b42814e9187) Importer(815301076,1909f56bfc062723c751e8b465ee728b)
Start importing Assets/Prefabs/(0, 0).prefab using Guid(90015a877ee7b514c98c0b42814e9187) Importer(815301076,1909f56bfc062723c751e8b465ee728b)  -> (artifact id: 'd0a4b289875efbfa5fd5b17cc6e60744') in 0.029035 seconds 
========================================================================
Received Import Request.
  Time since last request: 2.456353 seconds.
  path: Assets/Prefabs/(0, 0).prefab
  artifactKey: Guid(90015a877ee7b514c98c0b42814e9187) Importer(815301076,1909f56bfc062723c751e8b465ee728b)
Start importing Assets/Prefabs/(0, 0).prefab using Guid(90015a877ee7b514c98c0b42814e9187) Importer(815301076,1909f56bfc062723c751e8b465ee728b)  -> (artifact id: '045fd65df6a26c0d2f41ced0963ca49d') in 0.024580 seconds 
========================================================================
Received Import Request.
  Time since last request: 0.574652 seconds.
  path: Assets/Prefabs/(0, 0).prefab
  artifactKey: Guid(90015a877ee7b514c98c0b42814e9187) Importer(815301076,1909f56bfc062723c751e8b465ee728b)
Start importing Assets/Prefabs/(0, 0).prefab using Guid(90015a877ee7b514c98c0b42814e9187) Importer(815301076,1909f56bfc062723c751e8b465ee728b)  -> (artifact id: '85601ce5e7f9bbfcfa668a658c550076') in 0.023608 seconds 
========================================================================
Received Import Request.
  Time since last request: 6.866831 seconds.
  path: Assets/Prefabs/(0, 0).prefab
  artifactKey: Guid(90015a877ee7b514c98c0b42814e9187) Importer(815301076,1909f56bfc062723c751e8b465ee728b)
Start importing Assets/Prefabs/(0, 0).prefab using Guid(90015a877ee7b514c98c0b42814e9187) Importer(815301076,1909f56bfc062723c751e8b465ee728b)  -> (artifact id: 'b90c9854d9e5767accefd4f5060c8269') in 0.026334 seconds 
========================================================================
Received Import Request.
  Time since last request: 0.770734 seconds.
  path: Assets/Prefabs/(0, 0).prefab
  artifactKey: Guid(90015a877ee7b514c98c0b42814e9187) Importer(815301076,1909f56bfc062723c751e8b465ee728b)
Start importing Assets/Prefabs/(0, 0).prefab using Guid(90015a877ee7b514c98c0b42814e9187) Importer(815301076,1909f56bfc062723c751e8b465ee728b)  -> (artifact id: '0673a073078d1ce6289b1e11f745f1bb') in 0.027756 seconds 
========================================================================
Received Import Request.
  Time since last request: 1.774089 seconds.
  path: Assets/Prefabs/(0, 0).prefab
  artifactKey: Guid(90015a877ee7b514c98c0b42814e9187) Importer(815301076,1909f56bfc062723c751e8b465ee728b)
Start importing Assets/Prefabs/(0, 0).prefab using Guid(90015a877ee7b514c98c0b42814e9187) Importer(815301076,1909f56bfc062723c751e8b465ee728b)  -> (artifact id: '5af1c86d16ef44e40a999517d3b27ee1') in 0.027385 seconds 
========================================================================
Received Import Request.
  Time since last request: 4.610709 seconds.
  path: Assets/Prefabs/(0, 0).prefab
  artifactKey: Guid(90015a877ee7b514c98c0b42814e9187) Importer(815301076,1909f56bfc062723c751e8b465ee728b)
Start importing Assets/Prefabs/(0, 0).prefab using Guid(90015a877ee7b514c98c0b42814e9187) Importer(815301076,1909f56bfc062723c751e8b465ee728b)  -> (artifact id: '6f5d8042b3793af53da82b6a99df0eee') in 0.026218 seconds 
========================================================================
Received Import Request.
  Time since last request: 1.381395 seconds.
  path: Assets/Prefabs/(0, 0).prefab
  artifactKey: Guid(90015a877ee7b514c98c0b42814e9187) Importer(815301076,1909f56bfc062723c751e8b465ee728b)
Start importing Assets/Prefabs/(0, 0).prefab using Guid(90015a877ee7b514c98c0b42814e9187) Importer(815301076,1909f56bfc062723c751e8b465ee728b)  -> (artifact id: 'd5ef90d74579b853bb8af05f0146c119') in 0.025232 seconds 
========================================================================
Received Import Request.
  Time since last request: 18.291669 seconds.
  path: Assets/Prefabs/Tile_RoadCorner.prefab
  artifactKey: Guid(90015a877ee7b514c98c0b42814e9187) Importer(815301076,1909f56bfc062723c751e8b465ee728b)
Start importing Assets/Prefabs/Tile_RoadCorner.prefab using Guid(90015a877ee7b514c98c0b42814e9187) Importer(815301076,1909f56bfc062723c751e8b465ee728b)  -> (artifact id: 'e2e0c41b8bd8749762620b60e0b04ae9') in 0.025467 seconds 
========================================================================
Received Import Request.
  Time since last request: 367.678056 seconds.
  path: Assets/Prefabs/Tile_roadStraight Variant90.prefab
  artifactKey: Guid(4db43b0710b52664c99e423ae6a36c0c) Importer(815301076,1909f56bfc062723c751e8b465ee728b)
Start importing Assets/Prefabs/Tile_roadStraight Variant90.prefab using Guid(4db43b0710b52664c99e423ae6a36c0c) Importer(815301076,1909f56bfc062723c751e8b465ee728b)  -> (artifact id: 'e4c6208c7e0ef100b9e6f3a5b9ee7d4b') in 0.036036 seconds 
========================================================================
Received Import Request.
  Time since last request: 8.693075 seconds.
  path: Assets/Prefabs/Tile_roadStraight Variant90.prefab
  artifactKey: Guid(4db43b0710b52664c99e423ae6a36c0c) Importer(815301076,1909f56bfc062723c751e8b465ee728b)
Start importing Assets/Prefabs/Tile_roadStraight Variant90.prefab using Guid(4db43b0710b52664c99e423ae6a36c0c) Importer(815301076,1909f56bfc062723c751e8b465ee728b)  -> (artifact id: 'da15e30d98c2cd97b3513cd842f74235') in 0.033029 seconds 
========================================================================
Received Import Request.
  Time since last request: 674.927644 seconds.
  path: Assets/Prefabs/Tile_RoadCorner90.prefab
  artifactKey: Guid(ed63dd3b3afba254783b9a8d0c666960) Importer(815301076,1909f56bfc062723c751e8b465ee728b)
Start importing Assets/Prefabs/Tile_RoadCorner90.prefab using Guid(ed63dd3b3afba254783b9a8d0c666960) Importer(815301076,1909f56bfc062723c751e8b465ee728b)  -> (artifact id: 'eabf8bd48669ae096604002d6a5c6c3d') in 0.034955 seconds 
========================================================================
Received Import Request.
  Time since last request: 11.537115 seconds.
  path: Assets/Prefabs/Tile_roadStraight90.prefab
  artifactKey: Guid(4db43b0710b52664c99e423ae6a36c0c) Importer(815301076,1909f56bfc062723c751e8b465ee728b)
Start importing Assets/Prefabs/Tile_roadStraight90.prefab using Guid(4db43b0710b52664c99e423ae6a36c0c) Importer(815301076,1909f56bfc062723c751e8b465ee728b)  -> (artifact id: '32e75a795747abdd8775c3cf80bf0705') in 0.029501 seconds 
========================================================================
Received Import Request.
  Time since last request: 12.162000 seconds.
  path: Assets/Prefabs/Tile_RoadCorner90.prefab
  artifactKey: Guid(ed63dd3b3afba254783b9a8d0c666960) Importer(815301076,1909f56bfc062723c751e8b465ee728b)
Start importing Assets/Prefabs/Tile_RoadCorner90.prefab using Guid(ed63dd3b3afba254783b9a8d0c666960) Importer(815301076,1909f56bfc062723c751e8b465ee728b)  -> (artifact id: '03b536b0ffb8e6c45a83dff5a26eb23e') in 0.026310 seconds 
========================================================================
Received Import Request.
  Time since last request: 11.671392 seconds.
  path: Assets/Prefabs/Tile_RoadCorner180.prefab
  artifactKey: Guid(a3940b94b4e3dc649bbdba842a5dc17d) Importer(815301076,1909f56bfc062723c751e8b465ee728b)
Start importing Assets/Prefabs/Tile_RoadCorner180.prefab using Guid(a3940b94b4e3dc649bbdba842a5dc17d) Importer(815301076,1909f56bfc062723c751e8b465ee728b)  -> (artifact id: '50312258714ff5759e7ba159f6ea9252') in 0.028597 seconds 
========================================================================
Received Import Request.
  Time since last request: 8.977207 seconds.
  path: Assets/Prefabs/Tile_RoadCorner180.prefab
  artifactKey: Guid(a3940b94b4e3dc649bbdba842a5dc17d) Importer(815301076,1909f56bfc062723c751e8b465ee728b)
Start importing Assets/Prefabs/Tile_RoadCorner180.prefab using Guid(a3940b94b4e3dc649bbdba842a5dc17d) Importer(815301076,1909f56bfc062723c751e8b465ee728b)  -> (artifact id: '2f18aa8ca87d3f55e4af5514849d5589') in 0.029288 seconds 
========================================================================
Received Import Request.
  Time since last request: 14.382680 seconds.
  path: Assets/Prefabs/Tile_RoadCorner270.prefab
  artifactKey: Guid(13de7fb20390e204b82b6150e20bac8a) Importer(815301076,1909f56bfc062723c751e8b465ee728b)
Start importing Assets/Prefabs/Tile_RoadCorner270.prefab using Guid(13de7fb20390e204b82b6150e20bac8a) Importer(815301076,1909f56bfc062723c751e8b465ee728b)  -> (artifact id: 'adfc388d00c5d9d410a5b67fb836c006') in 0.030455 seconds 
========================================================================
Received Import Request.
  Time since last request: 8.711193 seconds.
  path: Assets/Prefabs/Tile_RoadCorner270.prefab
  artifactKey: Guid(13de7fb20390e204b82b6150e20bac8a) Importer(815301076,1909f56bfc062723c751e8b465ee728b)
Start importing Assets/Prefabs/Tile_RoadCorner270.prefab using Guid(13de7fb20390e204b82b6150e20bac8a) Importer(815301076,1909f56bfc062723c751e8b465ee728b)  -> (artifact id: '7aa78557506ad42819239b34816f2654') in 0.028805 seconds 
========================================================================
Received Prepare
Registering precompiled user dll's ...
Registered in 0.004161 seconds.
Begin MonoManager ReloadAssembly
Symbol file LoadedFromMemory doesn't match image D:\Projetos no GitHub\Tower Defense Prototype\Realm Rush\Library\PackageCache\com.unity.visualscripting@1.8.0\Editor\VisualScripting.Core\Dependencies\YamlDotNet\Unity.VisualScripting.YamlDotNet.dll
Symbol file LoadedFromMemory doesn't match image D:\Projetos no GitHub\Tower Defense Prototype\Realm Rush\Library\PackageCache\com.unity.visualscripting@1.8.0\Editor\VisualScripting.Core\Dependencies\DotNetZip\Unity.VisualScripting.IonicZip.dll
Native extension for WindowsStandalone target not found
Refreshing native plugins compatible for Editor in 0.57 ms, found 3 plugins.
Preloading 0 native plugins for Editor in 0.00 ms.
Mono: successfully reloaded assembly
- Completed reload, in  0.919 seconds
Domain Reload Profiling:
	ReloadAssembly (919ms)
		BeginReloadAssembly (137ms)
			ExecutionOrderSort (0ms)
			DisableScriptedObjects (4ms)
			BackupInstance (0ms)
			ReleaseScriptingObjects (0ms)
			CreateAndSetChildDomain (43ms)
		EndReloadAssembly (695ms)
			LoadAssemblies (82ms)
			RebuildTransferFunctionScriptingTraits (0ms)
			SetupTypeCache (261ms)
			ReleaseScriptCaches (1ms)
			RebuildScriptCaches (38ms)
			SetupLoadedEditorAssemblies (280ms)
				LogAssemblyErrors (0ms)
				InitializePlatformSupportModulesInManaged (12ms)
				SetLoadedEditorAssemblies (0ms)
				RefreshPlugins (1ms)
				BeforeProcessingInitializeOnLoad (55ms)
				ProcessInitializeOnLoadAttributes (190ms)
				ProcessInitializeOnLoadMethodAttributes (18ms)
				AfterProcessingInitializeOnLoad (3ms)
				EditorAssembliesLoaded (0ms)
			ExecutionOrderSort2 (0ms)
			AwakeInstancesAfterBackupRestoration (6ms)
Platform modules already initialized, skipping
Refreshing native plugins compatible for Editor in 1.23 ms, found 3 plugins.
Preloading 0 native plugins for Editor in 0.00 ms.
Unloading 3045 Unused Serialized files (Serialized files now loaded: 0)
Unloading 17 unused Assets / (80.1 KB). Loaded Objects now: 3535.
Memory consumption went from 113.2 MB to 113.1 MB.
Total: 2.522700 ms (FindLiveObjects: 0.237100 ms CreateObjectMapping: 0.143700 ms MarkObjects: 2.045800 ms  DeleteObjects: 0.095200 ms)

AssetImportParameters requested are different than current active one (requested -> active):
  custom:video-decoder-ogg-theora: a1e56fd34408186e4bbccfd4996cb3dc -> 
  custom:container-muxer-webm: aa71ff27fc2769a1b78a27578f13a17b -> 
  custom:container-demuxer-webm: 4f35f7cbe854078d1ac9338744f61a02 -> 
  custom:video-encoder-webm-vp8: eb34c28f22e8b96e1ab97ce403110664 -> 
  custom:audio-encoder-webm-vorbis: bf7c407c2cedff20999df2af8eb42d56 -> 
  custom:framework-win-MediaFoundation: 216162199b28c13a410421893ffa2e32 -> 
  custom:container-demuxer-ogg: 62fdf1f143b41e24485cea50d1cbac27 -> 
  custom:video-decoder-webm-vp8: 9c59270c3fd7afecdb556c50c9e8de78 -> 
  custom:audio-decoder-ogg-vorbis: bf7c407c2cedff20999df2af8eb42d56 -> 
========================================================================
Received Prepare
Registering precompiled user dll's ...
Registered in 0.003393 seconds.
Begin MonoManager ReloadAssembly
Symbol file LoadedFromMemory doesn't match image D:\Projetos no GitHub\Tower Defense Prototype\Realm Rush\Library\PackageCache\com.unity.visualscripting@1.8.0\Editor\VisualScripting.Core\Dependencies\YamlDotNet\Unity.VisualScripting.YamlDotNet.dll
Symbol file LoadedFromMemory doesn't match image D:\Projetos no GitHub\Tower Defense Prototype\Realm Rush\Library\PackageCache\com.unity.visualscripting@1.8.0\Editor\VisualScripting.Core\Dependencies\DotNetZip\Unity.VisualScripting.IonicZip.dll
Native extension for WindowsStandalone target not found
Refreshing native plugins compatible for Editor in 0.55 ms, found 3 plugins.
Preloading 0 native plugins for Editor in 0.00 ms.
Mono: successfully reloaded assembly
- Completed reload, in  0.885 seconds
Domain Reload Profiling:
	ReloadAssembly (886ms)
		BeginReloadAssembly (119ms)
			ExecutionOrderSort (0ms)
			DisableScriptedObjects (5ms)
			BackupInstance (0ms)
			ReleaseScriptingObjects (0ms)
			CreateAndSetChildDomain (34ms)
		EndReloadAssembly (689ms)
			LoadAssemblies (70ms)
			RebuildTransferFunctionScriptingTraits (0ms)
			SetupTypeCache (249ms)
			ReleaseScriptCaches (1ms)
			RebuildScriptCaches (40ms)
			SetupLoadedEditorAssemblies (284ms)
				LogAssemblyErrors (0ms)
				InitializePlatformSupportModulesInManaged (12ms)
				SetLoadedEditorAssemblies (0ms)
				RefreshPlugins (1ms)
				BeforeProcessingInitializeOnLoad (58ms)
				ProcessInitializeOnLoadAttributes (191ms)
				ProcessInitializeOnLoadMethodAttributes (18ms)
				AfterProcessingInitializeOnLoad (3ms)
				EditorAssembliesLoaded (0ms)
			ExecutionOrderSort2 (0ms)
			AwakeInstancesAfterBackupRestoration (6ms)
Platform modules already initialized, skipping
Refreshing native plugins compatible for Editor in 2.21 ms, found 3 plugins.
Preloading 0 native plugins for Editor in 0.00 ms.
Unloading 3045 Unused Serialized files (Serialized files now loaded: 0)
Unloading 17 unused Assets / (80.2 KB). Loaded Objects now: 3538.
Memory consumption went from 113.2 MB to 113.1 MB.
Total: 2.718400 ms (FindLiveObjects: 0.248200 ms CreateObjectMapping: 0.210900 ms MarkObjects: 2.181000 ms  DeleteObjects: 0.077100 ms)

AssetImportParameters requested are different than current active one (requested -> active):
  custom:video-decoder-ogg-theora: a1e56fd34408186e4bbccfd4996cb3dc -> 
  custom:container-muxer-webm: aa71ff27fc2769a1b78a27578f13a17b -> 
  custom:container-demuxer-webm: 4f35f7cbe854078d1ac9338744f61a02 -> 
  custom:video-encoder-webm-vp8: eb34c28f22e8b96e1ab97ce403110664 -> 
  custom:audio-encoder-webm-vorbis: bf7c407c2cedff20999df2af8eb42d56 -> 
  custom:framework-win-MediaFoundation: 216162199b28c13a410421893ffa2e32 -> 
  custom:container-demuxer-ogg: 62fdf1f143b41e24485cea50d1cbac27 -> 
  custom:video-decoder-webm-vp8: 9c59270c3fd7afecdb556c50c9e8de78 -> 
  custom:audio-decoder-ogg-vorbis: bf7c407c2cedff20999df2af8eb42d56 -> 
========================================================================
Received Prepare
Registering precompiled user dll's ...
Registered in 0.003422 seconds.
Begin MonoManager ReloadAssembly
Symbol file LoadedFromMemory doesn't match image D:\Projetos no GitHub\Tower Defense Prototype\Realm Rush\Library\PackageCache\com.unity.visualscripting@1.8.0\Editor\VisualScripting.Core\Dependencies\YamlDotNet\Unity.VisualScripting.YamlDotNet.dll
Symbol file LoadedFromMemory doesn't match image D:\Projetos no GitHub\Tower Defense Prototype\Realm Rush\Library\PackageCache\com.unity.visualscripting@1.8.0\Editor\VisualScripting.Core\Dependencies\DotNetZip\Unity.VisualScripting.IonicZip.dll
Native extension for WindowsStandalone target not found
Refreshing native plugins compatible for Editor in 0.83 ms, found 3 plugins.
Preloading 0 native plugins for Editor in 0.00 ms.
Mono: successfully reloaded assembly
- Completed reload, in  0.929 seconds
Domain Reload Profiling:
	ReloadAssembly (929ms)
		BeginReloadAssembly (130ms)
			ExecutionOrderSort (0ms)
			DisableScriptedObjects (5ms)
			BackupInstance (0ms)
			ReleaseScriptingObjects (0ms)
			CreateAndSetChildDomain (38ms)
		EndReloadAssembly (705ms)
			LoadAssemblies (77ms)
			RebuildTransferFunctionScriptingTraits (0ms)
			SetupTypeCache (249ms)
			ReleaseScriptCaches (1ms)
			RebuildScriptCaches (45ms)
			SetupLoadedEditorAssemblies (293ms)
				LogAssemblyErrors (0ms)
				InitializePlatformSupportModulesInManaged (13ms)
				SetLoadedEditorAssemblies (0ms)
				RefreshPlugins (1ms)
				BeforeProcessingInitializeOnLoad (64ms)
				ProcessInitializeOnLoadAttributes (192ms)
				ProcessInitializeOnLoadMethodAttributes (20ms)
				AfterProcessingInitializeOnLoad (3ms)
				EditorAssembliesLoaded (0ms)
			ExecutionOrderSort2 (0ms)
			AwakeInstancesAfterBackupRestoration (7ms)
Platform modules already initialized, skipping
Refreshing native plugins compatible for Editor in 1.37 ms, found 3 plugins.
Preloading 0 native plugins for Editor in 0.00 ms.
Unloading 3045 Unused Serialized files (Serialized files now loaded: 0)
Unloading 17 unused Assets / (80.2 KB). Loaded Objects now: 3541.
Memory consumption went from 113.2 MB to 113.1 MB.
Total: 2.855800 ms (FindLiveObjects: 0.237300 ms CreateObjectMapping: 0.203900 ms MarkObjects: 2.332100 ms  DeleteObjects: 0.081700 ms)

AssetImportParameters requested are different than current active one (requested -> active):
  custom:video-decoder-ogg-theora: a1e56fd34408186e4bbccfd4996cb3dc -> 
  custom:container-muxer-webm: aa71ff27fc2769a1b78a27578f13a17b -> 
  custom:container-demuxer-webm: 4f35f7cbe854078d1ac9338744f61a02 -> 
  custom:video-encoder-webm-vp8: eb34c28f22e8b96e1ab97ce403110664 -> 
  custom:audio-encoder-webm-vorbis: bf7c407c2cedff20999df2af8eb42d56 -> 
  custom:framework-win-MediaFoundation: 216162199b28c13a410421893ffa2e32 -> 
  custom:container-demuxer-ogg: 62fdf1f143b41e24485cea50d1cbac27 -> 
  custom:video-decoder-webm-vp8: 9c59270c3fd7afecdb556c50c9e8de78 -> 
  custom:audio-decoder-ogg-vorbis: bf7c407c2cedff20999df2af8eb42d56 -> 
